TN:
SF:src\modules\accounts\useCases\authenticateUser\AuthenticateUserController.ts
FN:7,AuthenticateUserController
FN:8,Object.<anonymous>.AuthenticateUserController.handle
FNF:2
FNH:2
FNDA:2,AuthenticateUserController
FNDA:3,Object.<anonymous>.AuthenticateUserController.handle
DA:1,1
DA:2,1
DA:3,1
DA:4,1
DA:5,1
DA:6,1
DA:7,2
DA:8,2
DA:9,3
DA:10,3
DA:11,3
DA:12,3
DA:13,3
DA:14,3
DA:15,3
DA:16,3
DA:17,3
DA:18,3
DA:19,3
DA:20,3
DA:21,3
DA:22,3
DA:23,3
DA:24,3
DA:25,2
DA:26,1
DA:27,1
LF:27
LH:27
BRDA:7,0,0,2
BRDA:7,1,0,2
BRDA:8,2,0,3
BRF:3
BRH:3
end_of_record
TN:
SF:src\modules\accounts\useCases\authenticateUser\AuthenticateUserUseCase.ts
FN:29,AuthenticateUserUseCase
FN:38,Object.<anonymous>.AuthenticateUserUseCase.execute
FNF:2
FNH:2
FNDA:6,AuthenticateUserUseCase
FNDA:5,Object.<anonymous>.AuthenticateUserUseCase.execute
DA:1,1
DA:2,1
DA:3,1
DA:4,1
DA:5,1
DA:6,1
DA:7,1
DA:8,1
DA:9,1
DA:10,1
DA:11,1
DA:12,1
DA:13,1
DA:14,1
DA:15,1
DA:16,1
DA:17,1
DA:18,1
DA:19,1
DA:20,1
DA:21,1
DA:22,1
DA:23,1
DA:24,1
DA:25,1
DA:26,1
DA:27,1
DA:28,3
DA:29,3
DA:30,6
DA:31,6
DA:32,6
DA:33,6
DA:34,6
DA:35,6
DA:36,6
DA:37,3
DA:38,3
DA:39,5
DA:40,5
DA:41,5
DA:42,5
DA:43,1
DA:44,1
DA:45,4
DA:46,4
DA:47,4
DA:48,5
DA:49,5
DA:50,0
DA:51,0
DA:52,5
DA:53,5
DA:54,5
DA:55,5
DA:56,5
DA:57,5
DA:58,5
DA:59,5
DA:60,5
DA:61,5
DA:62,5
DA:63,5
DA:64,5
DA:65,5
DA:66,5
DA:67,5
DA:68,5
DA:69,5
DA:70,5
DA:71,5
DA:72,5
DA:73,5
DA:74,5
DA:75,5
DA:76,5
DA:77,5
DA:78,5
DA:79,5
DA:80,5
DA:81,5
DA:82,5
DA:83,5
DA:84,5
DA:85,5
DA:86,5
DA:87,5
DA:88,5
DA:89,3
DA:90,1
DA:91,1
LF:91
LH:89
BRDA:28,0,0,3
BRDA:29,1,0,6
BRDA:38,2,0,5
BRDA:40,3,0,5
BRDA:42,4,0,4
BRDA:42,5,0,1
BRDA:49,6,0,0
BRF:7
BRH:6
end_of_record
TN:
SF:src\modules\accounts\useCases\createUser\CreateUserController.ts
FN:1,Object.<anonymous>
FN:2,Object.<anonymous>.__awaiter
FN:22,Object.<anonymous>.__generator
FNF:3
FNH:1
FNDA:2,Object.<anonymous>
FNDA:0,Object.<anonymous>.__awaiter
FNDA:0,Object.<anonymous>.__generator
DA:1,2
DA:2,2
DA:3,0
DA:4,0
DA:5,0
DA:6,0
DA:7,0
DA:8,0
DA:9,0
DA:10,0
DA:11,0
DA:12,0
DA:13,0
DA:14,0
DA:15,0
DA:16,0
DA:17,0
DA:18,0
DA:19,0
DA:20,0
DA:21,0
DA:22,2
DA:23,0
DA:24,0
DA:25,0
DA:26,0
DA:27,0
LF:27
LH:3
BRDA:1,0,0,2
BRDA:1,1,0,2
BRF:2
BRH:2
end_of_record
TN:
SF:src\modules\accounts\useCases\createUser\CreateUserUseCase.ts
FN:10,CreateUserUseCase
FN:15,Object.<anonymous>.CreateUserUseCase.execute
FNF:2
FNH:2
FNDA:3,CreateUserUseCase
FNDA:2,Object.<anonymous>.CreateUserUseCase.execute
DA:1,1
DA:2,1
DA:3,1
DA:4,1
DA:5,1
DA:6,1
DA:7,1
DA:8,1
DA:9,3
DA:10,3
DA:11,3
DA:12,3
DA:13,3
DA:14,3
DA:15,3
DA:16,2
DA:17,2
DA:18,2
DA:19,2
DA:20,2
DA:21,2
DA:22,2
DA:23,2
DA:24,2
DA:25,2
DA:26,0
DA:27,0
DA:28,2
DA:29,2
DA:30,2
DA:31,2
DA:32,2
DA:33,2
DA:34,2
DA:35,2
DA:36,3
DA:37,1
DA:38,1
LF:38
LH:36
BRDA:9,0,0,3
BRDA:10,1,0,3
BRDA:15,2,0,2
BRDA:21,3,0,2
BRDA:25,4,0,0
BRF:5
BRH:4
end_of_record
TN:
SF:src\modules\accounts\useCases\refreshToken\RefreshTokenController.ts
FN:1,Object.<anonymous>
FN:2,Object.<anonymous>.__awaiter
FNF:2
FNH:1
FNDA:2,Object.<anonymous>
FNDA:0,Object.<anonymous>.__awaiter
DA:1,2
DA:2,2
DA:3,0
DA:4,0
DA:5,0
DA:6,0
DA:7,0
DA:8,0
DA:9,0
DA:10,0
DA:11,0
DA:12,0
DA:13,0
DA:14,0
DA:15,0
DA:16,0
DA:17,0
DA:18,0
DA:19,0
DA:20,0
DA:21,0
LF:21
LH:2
BRDA:1,0,0,2
BRDA:1,1,0,2
BRF:2
BRH:2
end_of_record
TN:
SF:src\modules\accounts\useCases\refreshToken\RefreshTokenUseCase.ts
FN:1,Object.<anonymous>
FN:2,Object.<anonymous>.__decorate
FN:20,Object.<anonymous>.__metadata
FN:26,Object.<anonymous>.__param
FN:32,Object.<anonymous>.__awaiter
FN:58,Object.<anonymous>.__generator
FNF:6
FNH:4
FNDA:2,Object.<anonymous>
FNDA:2,Object.<anonymous>.__decorate
FNDA:2,Object.<anonymous>.__metadata
FNDA:4,Object.<anonymous>.__param
FNDA:0,Object.<anonymous>.__awaiter
FNDA:0,Object.<anonymous>.__generator
DA:1,2
DA:2,2
DA:3,2
DA:4,2
DA:5,2
DA:6,2
DA:7,2
DA:8,0
DA:9,0
DA:10,0
DA:11,0
DA:12,0
DA:13,0
DA:14,0
DA:15,0
DA:16,0
DA:17,2
DA:18,2
DA:19,2
DA:20,2
DA:21,2
DA:22,2
DA:23,2
DA:24,2
DA:25,2
DA:26,2
DA:27,4
DA:28,4
DA:29,4
DA:30,4
DA:31,4
DA:32,2
DA:33,0
DA:34,0
DA:35,0
DA:36,0
DA:37,0
DA:38,0
DA:39,0
DA:40,0
DA:41,0
DA:42,0
DA:43,0
DA:44,0
DA:45,0
DA:46,0
DA:47,0
DA:48,0
DA:49,0
DA:50,0
DA:51,0
DA:52,0
DA:53,0
DA:54,2
DA:55,2
DA:56,2
DA:57,2
DA:58,0
DA:59,0
DA:60,0
DA:61,0
DA:62,0
LF:62
LH:27
BRDA:1,0,0,2
BRDA:1,1,0,2
BRDA:2,2,0,2
BRDA:5,3,0,0
BRDA:7,4,0,0
BRDA:17,5,0,0
BRDA:18,6,0,0
BRDA:20,7,0,2
BRDA:26,8,0,4
BRDA:28,9,0,4
BRF:10
BRH:6
end_of_record
TN:
SF:src\modules\accounts\useCases\resetPasswordUser\ResetPasswordUserController.ts
FN:1,Object.<anonymous>
FN:2,Object.<anonymous>.__awaiter
FNF:2
FNH:1
FNDA:2,Object.<anonymous>
FNDA:0,Object.<anonymous>.__awaiter
DA:1,2
DA:2,2
DA:3,0
DA:4,0
DA:5,0
DA:6,0
DA:7,0
DA:8,0
DA:9,0
DA:10,0
DA:11,0
DA:12,0
DA:13,0
DA:14,0
DA:15,0
DA:16,0
DA:17,0
DA:18,0
LF:18
LH:2
BRDA:1,0,0,2
BRDA:1,1,0,2
BRF:2
BRH:2
end_of_record
TN:
SF:src\modules\accounts\useCases\resetPasswordUser\ResetPasswordUserUseCase.ts
FN:1,Object.<anonymous>
FN:1,Object.<anonymous>.__decorate
FN:17,Object.<anonymous>.__metadata
FN:23,Object.<anonymous>.__param
FN:28,Object.<anonymous>.__awaiter
FNF:5
FNH:4
FNDA:2,Object.<anonymous>
FNDA:2,Object.<anonymous>.__decorate
FNDA:2,Object.<anonymous>.__metadata
FNDA:6,Object.<anonymous>.__param
FNDA:0,Object.<anonymous>.__awaiter
DA:1,2
DA:2,2
DA:3,2
DA:4,2
DA:5,2
DA:6,0
DA:7,0
DA:8,0
DA:9,0
DA:10,0
DA:11,0
DA:12,0
DA:13,0
DA:14,2
DA:15,2
DA:16,2
DA:17,2
DA:18,2
DA:19,2
DA:20,2
DA:21,2
DA:22,2
DA:23,2
DA:24,6
DA:25,6
DA:26,6
DA:27,2
DA:28,2
DA:29,0
DA:30,0
DA:31,0
DA:32,0
DA:33,0
DA:34,0
DA:35,0
DA:36,0
DA:37,0
DA:38,0
DA:39,0
DA:40,0
DA:41,0
DA:42,0
DA:43,0
DA:44,0
DA:45,0
DA:46,0
DA:47,0
DA:48,0
DA:49,0
DA:50,0
DA:51,0
DA:52,0
DA:53,2
LF:53
LH:21
BRDA:1,0,0,2
BRDA:1,1,0,2
BRDA:1,2,0,2
BRDA:2,3,0,0
BRDA:5,4,0,0
BRDA:15,5,0,0
BRDA:15,6,0,0
BRDA:17,7,0,2
BRDA:23,8,0,6
BRDA:26,9,0,6
BRF:10
BRH:6
end_of_record
TN:
SF:src\modules\accounts\useCases\sendforgotPasswordMail\SendForgotPasswordMailController.ts
FN:1,Object.<anonymous>
FN:2,Object.<anonymous>.__awaiter
FNF:2
FNH:1
FNDA:2,Object.<anonymous>
FNDA:0,Object.<anonymous>.__awaiter
DA:1,2
DA:2,2
DA:3,0
DA:4,0
DA:5,0
DA:6,0
DA:7,0
DA:8,0
DA:9,0
DA:10,0
DA:11,0
DA:12,0
DA:13,0
DA:14,0
DA:15,0
DA:16,0
DA:17,0
DA:18,0
DA:19,0
DA:20,0
LF:20
LH:2
BRDA:1,0,0,2
BRDA:1,1,0,2
BRF:2
BRH:2
end_of_record
TN:
SF:src\modules\accounts\useCases\sendforgotPasswordMail\SendForgotPasswordMailUseCase.ts
FN:1,Object.<anonymous>
FN:2,Object.<anonymous>.__decorate
FN:15,Object.<anonymous>.__metadata
FN:21,Object.<anonymous>.__param
FN:25,Object.<anonymous>.__awaiter
FN:28,adopt
FN:33,fulfilled
FN:37,rejected
FN:41,step
FN:49,Object.<anonymous>.__generator
FN:53,sent
FN:61,g.<computed>
FN:62,verb
FN:67,step
FNF:14
FNH:12
FNDA:3,Object.<anonymous>
FNDA:3,Object.<anonymous>.__decorate
FNDA:3,Object.<anonymous>.__metadata
FNDA:12,Object.<anonymous>.__param
FNDA:3,Object.<anonymous>.__awaiter
FNDA:7,adopt
FNDA:7,fulfilled
FNDA:0,rejected
FNDA:9,step
FNDA:3,Object.<anonymous>.__generator
FNDA:7,sent
FNDA:0,g.<computed>
FNDA:9,verb
FNDA:10,step
DA:1,3
DA:2,3
DA:3,3
DA:4,3
DA:5,3
DA:6,3
DA:7,3
DA:8,3
DA:9,0
DA:10,3
DA:11,0
DA:12,0
DA:13,3
DA:14,3
DA:15,3
DA:16,3
DA:17,3
DA:18,3
DA:19,3
DA:20,3
DA:21,12
DA:22,12
DA:23,12
DA:24,3
DA:25,3
DA:26,3
DA:27,3
DA:28,3
DA:29,7
DA:30,3
DA:31,3
DA:32,3
DA:33,7
DA:34,7
DA:35,7
DA:36,3
DA:37,0
DA:38,0
DA:39,0
DA:40,0
DA:41,3
DA:42,9
DA:43,9
DA:44,9
DA:45,7
DA:46,3
DA:47,3
DA:48,3
DA:49,3
DA:50,3
DA:51,3
DA:52,3
DA:53,3
DA:54,3
DA:55,3
DA:56,3
DA:57,3
DA:58,3
DA:59,3
DA:60,3
DA:61,3
DA:62,3
DA:63,9
DA:64,9
DA:65,10
DA:66,10
DA:67,3
LF:67
LH:60
BRDA:1,0,0,3
BRDA:1,1,0,3
BRDA:2,2,0,3
BRDA:6,3,0,0
BRDA:8,4,0,0
BRDA:10,5,0,0
BRDA:12,6,0,0
BRDA:15,7,0,3
BRDA:21,8,0,12
BRDA:22,9,0,12
BRDA:25,10,0,3
BRDA:28,11,0,7
BRDA:29,12,0,0
BRDA:31,13,0,3
BRDA:33,14,0,7
BRDA:35,15,0,1
BRDA:41,16,0,9
BRDA:43,17,0,2
BRDA:44,18,0,7
BRDA:49,19,0,3
BRDA:53,20,0,7
BRDA:54,21,0,0
BRDA:62,22,0,9
BRDA:65,23,0,10
BRDA:67,24,0,10
BRF:25
BRH:19
end_of_record
TN:
SF:src\modules\accounts\useCases\updateUserAvatar\UpdateUserAvatarController.ts
FN:1,Object.<anonymous>
FN:2,Object.<anonymous>.__awaiter
FNF:2
FNH:1
FNDA:2,Object.<anonymous>
FNDA:0,Object.<anonymous>.__awaiter
DA:1,2
DA:2,2
DA:3,0
DA:4,0
DA:5,0
DA:6,0
DA:7,0
DA:8,0
DA:9,0
DA:10,0
DA:11,0
DA:12,0
DA:13,0
DA:14,0
DA:15,0
DA:16,0
DA:17,0
DA:18,0
DA:19,0
DA:20,0
DA:21,0
DA:22,0
LF:22
LH:2
BRDA:1,0,0,2
BRDA:1,1,0,2
BRF:2
BRH:2
end_of_record
TN:
SF:src\modules\accounts\useCases\updateUserAvatar\UpdateUserAvatarUseCase.ts
FN:1,Object.<anonymous>
FN:3,Object.<anonymous>.__decorate
FN:22,Object.<anonymous>.__metadata
FN:33,Object.<anonymous>.__param
FN:37,Object.<anonymous>.__awaiter
FNF:5
FNH:4
FNDA:2,Object.<anonymous>
FNDA:2,Object.<anonymous>.__decorate
FNDA:2,Object.<anonymous>.__metadata
FNDA:2,Object.<anonymous>.__param
FNDA:0,Object.<anonymous>.__awaiter
DA:1,2
DA:2,2
DA:3,2
DA:4,2
DA:5,0
DA:6,0
DA:7,0
DA:8,2
DA:9,2
DA:10,2
DA:11,2
DA:12,2
DA:13,2
DA:14,2
DA:15,2
DA:16,0
DA:17,0
DA:18,0
DA:19,2
DA:20,0
DA:21,2
DA:22,2
DA:23,2
DA:24,2
DA:25,2
DA:26,2
DA:27,2
DA:28,2
DA:29,2
DA:30,2
DA:31,2
DA:32,2
DA:33,2
DA:34,2
DA:35,2
DA:36,2
DA:37,2
LF:37
LH:30
BRDA:1,0,0,2
BRDA:1,1,0,2
BRDA:3,2,0,2
BRDA:4,3,0,0
BRDA:15,4,0,0
BRDA:19,5,0,0
BRDA:19,6,0,0
BRDA:22,7,0,2
BRDA:33,8,0,2
BRDA:34,9,0,2
BRF:10
BRH:6
end_of_record
TN:
SF:src\modules\cars\useCases\createCar\CreateCarController.ts
FN:1,Object.<anonymous>
FN:2,Object.<anonymous>.__awaiter
FN:27,Object.<anonymous>.__generator
FNF:3
FNH:1
FNDA:2,Object.<anonymous>
FNDA:0,Object.<anonymous>.__awaiter
FNDA:0,Object.<anonymous>.__generator
DA:1,2
DA:2,2
DA:3,0
DA:4,0
DA:5,0
DA:6,0
DA:7,0
DA:8,0
DA:9,0
DA:10,0
DA:11,0
DA:12,0
DA:13,0
DA:14,0
DA:15,0
DA:16,0
DA:17,0
DA:18,0
DA:19,0
DA:20,0
DA:21,0
DA:22,0
DA:23,0
DA:24,0
DA:25,2
DA:26,2
DA:27,2
DA:28,0
DA:29,0
DA:30,0
DA:31,0
DA:32,0
DA:33,0
DA:34,0
LF:34
LH:5
BRDA:1,0,0,2
BRDA:1,1,0,2
BRF:2
BRH:2
end_of_record
TN:
SF:src\modules\cars\useCases\createCar\CreateCarUseCase.ts
FN:1,Object.<anonymous>
FN:3,Object.<anonymous>.__decorate
FN:25,Object.<anonymous>.__metadata
FN:33,Object.<anonymous>.__param
FN:38,Object.<anonymous>.__awaiter
FN:39,adopt
FN:46,fulfilled
FN:53,rejected
FNF:8
FNH:7
FNDA:3,Object.<anonymous>
FNDA:3,Object.<anonymous>.__decorate
FNDA:3,Object.<anonymous>.__metadata
FNDA:3,Object.<anonymous>.__param
FNDA:4,Object.<anonymous>.__awaiter
FNDA:7,adopt
FNDA:7,fulfilled
FNDA:0,rejected
DA:1,3
DA:2,3
DA:3,3
DA:4,3
DA:5,3
DA:6,3
DA:7,3
DA:8,3
DA:9,3
DA:10,3
DA:11,3
DA:12,0
DA:13,0
DA:14,0
DA:15,0
DA:16,0
DA:17,0
DA:18,0
DA:19,0
DA:20,3
DA:21,3
DA:22,3
DA:23,3
DA:24,3
DA:25,3
DA:26,3
DA:27,3
DA:28,3
DA:29,3
DA:30,3
DA:31,3
DA:32,3
DA:33,3
DA:34,3
DA:35,3
DA:36,3
DA:37,3
DA:38,3
DA:39,7
DA:40,7
DA:41,7
DA:42,0
DA:43,4
DA:44,4
DA:45,4
DA:46,4
DA:47,7
DA:48,7
DA:49,7
DA:50,1
DA:51,4
DA:52,4
DA:53,0
DA:54,0
DA:55,0
LF:55
LH:43
BRDA:1,0,0,3
BRDA:1,1,0,3
BRDA:3,2,0,3
BRDA:4,3,0,0
BRDA:11,4,0,0
BRDA:20,5,0,0
BRDA:20,6,0,0
BRDA:25,7,0,3
BRDA:33,8,0,3
BRDA:33,9,0,3
BRDA:38,10,0,4
BRDA:39,11,0,7
BRDA:41,12,0,0
BRDA:45,13,0,4
BRDA:46,14,0,7
BRDA:49,15,0,1
BRF:16
BRH:11
end_of_record
TN:
SF:src\modules\cars\useCases\createCarSpecification\CreateCarSpecificationController.ts
FN:1,Object.<anonymous>
FN:2,Object.<anonymous>.__awaiter
FNF:2
FNH:1
FNDA:2,Object.<anonymous>
FNDA:0,Object.<anonymous>.__awaiter
DA:1,2
DA:2,2
DA:3,0
DA:4,0
DA:5,0
DA:6,0
DA:7,0
DA:8,0
DA:9,0
DA:10,0
DA:11,0
DA:12,0
DA:13,0
DA:14,0
DA:15,0
DA:16,0
DA:17,0
DA:18,0
DA:19,0
DA:20,0
DA:21,0
DA:22,0
DA:23,0
DA:24,2
LF:24
LH:3
BRDA:1,0,0,2
BRDA:1,1,0,2
BRF:2
BRH:2
end_of_record
TN:
SF:src\modules\cars\useCases\createCarSpecification\CreateCarSpecificationUseCase.ts
FN:1,Object.<anonymous>
FN:3,Object.<anonymous>.__decorate
FN:19,Object.<anonymous>.__metadata
FN:23,Object.<anonymous>.__param
FN:29,Object.<anonymous>.__awaiter
FN:29,adopt
FN:37,fulfilled
FNF:7
FNH:7
FNDA:3,Object.<anonymous>
FNDA:3,Object.<anonymous>.__decorate
FNDA:3,Object.<anonymous>.__metadata
FNDA:6,Object.<anonymous>.__param
FNDA:2,Object.<anonymous>.__awaiter
FNDA:4,adopt
FNDA:4,fulfilled
DA:1,3
DA:2,3
DA:3,3
DA:4,3
DA:5,3
DA:6,3
DA:7,3
DA:8,3
DA:9,0
DA:10,0
DA:11,0
DA:12,0
DA:13,0
DA:14,0
DA:15,0
DA:16,3
DA:17,3
DA:18,3
DA:19,3
DA:20,3
DA:21,3
DA:22,3
DA:23,3
DA:24,6
DA:25,6
DA:26,3
DA:27,3
DA:28,3
DA:29,2
DA:30,4
DA:31,0
DA:32,0
DA:33,2
DA:34,2
DA:35,2
DA:36,2
DA:37,4
DA:38,4
DA:39,4
DA:40,4
DA:41,4
LF:41
LH:32
BRDA:1,0,0,3
BRDA:1,1,0,3
BRDA:3,2,0,3
BRDA:4,3,0,0
BRDA:8,4,0,0
BRDA:16,5,0,0
BRDA:17,6,0,0
BRDA:19,7,0,3
BRDA:23,8,0,6
BRDA:23,9,0,6
BRDA:29,10,0,2
BRDA:29,11,0,4
BRDA:31,12,0,0
BRDA:35,13,0,2
BRDA:37,14,0,4
BRDA:41,15,0,1
BRF:16
BRH:11
end_of_record
TN:
SF:src\modules\cars\useCases\createCategory\CreateCategoryController.ts
FN:8,CreateCategoryController
FN:11,Object.<anonymous>.CreateCategoryController.handle
FNF:2
FNH:2
FNDA:2,CreateCategoryController
FNDA:3,Object.<anonymous>.CreateCategoryController.handle
DA:1,1
DA:2,1
DA:3,1
DA:4,1
DA:5,1
DA:6,1
DA:7,1
DA:8,2
DA:9,2
DA:10,2
DA:11,2
DA:12,3
DA:13,3
DA:14,3
DA:15,3
DA:16,3
DA:17,3
DA:18,3
DA:19,3
DA:20,3
DA:21,3
DA:22,3
DA:23,3
DA:24,3
DA:25,3
DA:26,3
DA:27,2
DA:28,1
DA:29,1
LF:29
LH:29
BRDA:8,0,0,2
BRDA:8,1,0,2
BRDA:11,2,0,3
BRF:3
BRH:3
end_of_record
TN:
SF:src\modules\cars\useCases\createCategory\CreateCategoryUseCase.ts
FN:21,CreateCategoryUseCase
FN:28,Object.<anonymous>.CreateCategoryUseCase.execute
FNF:2
FNH:2
FNDA:5,CreateCategoryUseCase
FNDA:6,Object.<anonymous>.CreateCategoryUseCase.execute
DA:1,1
DA:2,1
DA:3,1
DA:4,1
DA:5,1
DA:6,1
DA:7,1
DA:8,1
DA:9,1
DA:10,1
DA:11,1
DA:12,1
DA:13,1
DA:14,1
DA:15,1
DA:16,1
DA:17,1
DA:18,3
DA:19,3
DA:20,3
DA:21,3
DA:22,5
DA:23,5
DA:24,5
DA:25,5
DA:26,5
DA:27,3
DA:28,3
DA:29,6
DA:30,6
DA:31,6
DA:32,6
DA:33,2
DA:34,2
DA:35,4
DA:36,4
DA:37,6
DA:38,3
DA:39,1
DA:40,1
LF:40
LH:40
BRDA:18,0,0,3
BRDA:21,1,0,5
BRDA:28,2,0,6
BRDA:30,3,0,6
BRDA:32,4,0,5
BRDA:32,5,0,2
BRDA:35,6,0,4
BRF:7
BRH:7
end_of_record
TN:
SF:src\modules\cars\useCases\createCategory\index.ts
FN:1,(empty-report)
FNF:1
FNH:0
FNDA:0,(empty-report)
DA:1,0
DA:2,0
DA:3,0
DA:4,0
DA:5,0
DA:6,0
DA:7,0
DA:8,0
DA:9,0
DA:10,0
DA:11,0
DA:12,0
DA:13,0
DA:14,0
DA:15,0
DA:16,0
DA:17,0
LF:17
LH:0
BRDA:1,0,0,0
BRF:1
BRH:0
end_of_record
TN:
SF:src\modules\cars\useCases\createSpecification\CreateSpecificationController.ts
FN:1,Object.<anonymous>
FN:2,Object.<anonymous>.__awaiter
FN:22,Object.<anonymous>.__generator
FNF:3
FNH:1
FNDA:2,Object.<anonymous>
FNDA:0,Object.<anonymous>.__awaiter
FNDA:0,Object.<anonymous>.__generator
DA:1,2
DA:2,2
DA:3,0
DA:4,0
DA:5,0
DA:6,0
DA:7,0
DA:8,0
DA:9,0
DA:10,0
DA:11,0
DA:12,0
DA:13,0
DA:14,0
DA:15,0
DA:16,0
DA:17,0
DA:18,0
DA:19,0
DA:20,0
DA:21,2
DA:22,2
DA:23,0
DA:24,0
DA:25,0
DA:26,0
DA:27,0
DA:28,0
LF:28
LH:4
BRDA:1,0,0,2
BRDA:1,1,0,2
BRF:2
BRH:2
end_of_record
TN:
SF:src\modules\cars\useCases\createSpecification\CreateSpecificationUseCase.ts
FN:1,Object.<anonymous>
FN:3,Object.<anonymous>.__decorate
FN:21,Object.<anonymous>.__metadata
FN:25,Object.<anonymous>.__param
FN:32,Object.<anonymous>.__awaiter
FNF:5
FNH:4
FNDA:2,Object.<anonymous>
FNDA:2,Object.<anonymous>.__decorate
FNDA:2,Object.<anonymous>.__metadata
FNDA:2,Object.<anonymous>.__param
FNDA:0,Object.<anonymous>.__awaiter
DA:1,2
DA:2,2
DA:3,2
DA:4,2
DA:5,0
DA:6,0
DA:7,2
DA:8,2
DA:9,2
DA:10,2
DA:11,2
DA:12,2
DA:13,2
DA:14,2
DA:15,0
DA:16,0
DA:17,2
DA:18,0
DA:19,0
DA:20,2
DA:21,2
DA:22,2
DA:23,2
DA:24,2
DA:25,2
DA:26,2
DA:27,2
DA:28,2
DA:29,2
DA:30,2
DA:31,2
DA:32,2
LF:32
LH:26
BRDA:1,0,0,2
BRDA:1,1,0,2
BRDA:3,2,0,2
BRDA:4,3,0,0
BRDA:14,4,0,0
BRDA:17,5,0,0
BRDA:18,6,0,0
BRDA:21,7,0,2
BRDA:25,8,0,2
BRDA:27,9,0,2
BRF:10
BRH:6
end_of_record
TN:
SF:src\modules\cars\useCases\createSpecification\index.ts
FN:1,(empty-report)
FNF:1
FNH:0
FNDA:0,(empty-report)
DA:1,0
DA:2,0
DA:3,0
DA:4,0
DA:5,0
DA:6,0
DA:7,0
DA:8,0
DA:9,0
DA:10,0
DA:11,0
DA:12,0
DA:13,0
DA:14,0
DA:15,0
LF:15
LH:0
BRDA:1,0,0,0
BRF:1
BRH:0
end_of_record
TN:
SF:src\modules\cars\useCases\importCategory\ImportCategoryController.ts
FN:1,Object.<anonymous>
FN:2,Object.<anonymous>.__awaiter
FNF:2
FNH:1
FNDA:2,Object.<anonymous>
FNDA:0,Object.<anonymous>.__awaiter
DA:1,2
DA:2,2
DA:3,0
DA:4,0
DA:5,0
DA:6,0
DA:7,0
DA:8,0
DA:9,0
DA:10,0
DA:11,0
DA:12,0
DA:13,0
DA:14,0
DA:15,0
DA:16,0
DA:17,0
DA:18,0
DA:19,0
LF:19
LH:2
BRDA:1,0,0,2
BRDA:1,1,0,2
BRF:2
BRH:2
end_of_record
TN:
SF:src\modules\cars\useCases\importCategory\ImportCategoryUseCase.ts
FN:1,Object.<anonymous>
FN:2,Object.<anonymous>.__decorate
FN:21,Object.<anonymous>.__metadata
FN:24,Object.<anonymous>.__param
FN:30,Object.<anonymous>.__awaiter
FN:49,Object.<anonymous>.__generator
FNF:6
FNH:4
FNDA:2,Object.<anonymous>
FNDA:2,Object.<anonymous>.__decorate
FNDA:2,Object.<anonymous>.__metadata
FNDA:2,Object.<anonymous>.__param
FNDA:0,Object.<anonymous>.__awaiter
FNDA:0,Object.<anonymous>.__generator
DA:1,2
DA:2,2
DA:3,2
DA:4,2
DA:5,2
DA:6,2
DA:7,2
DA:8,2
DA:9,2
DA:10,2
DA:11,2
DA:12,2
DA:13,2
DA:14,0
DA:15,0
DA:16,0
DA:17,0
DA:18,0
DA:19,2
DA:20,2
DA:21,2
DA:22,2
DA:23,2
DA:24,2
DA:25,2
DA:26,2
DA:27,2
DA:28,2
DA:29,2
DA:30,2
DA:31,0
DA:32,0
DA:33,0
DA:34,0
DA:35,0
DA:36,0
DA:37,0
DA:38,0
DA:39,0
DA:40,0
DA:41,0
DA:42,0
DA:43,0
DA:44,0
DA:45,0
DA:46,0
DA:47,2
DA:48,2
DA:49,2
DA:50,0
DA:51,0
DA:52,0
DA:53,0
DA:54,0
DA:55,0
DA:56,0
DA:57,0
DA:58,0
DA:59,0
DA:60,0
DA:61,0
DA:62,0
DA:63,0
DA:64,0
DA:65,0
DA:66,0
LF:66
LH:28
BRDA:1,0,0,2
BRDA:1,1,0,2
BRDA:2,2,0,2
BRDA:5,3,0,0
BRDA:14,4,0,0
BRDA:19,5,0,0
BRDA:19,6,0,0
BRDA:21,7,0,2
BRDA:24,8,0,2
BRDA:26,9,0,2
BRF:10
BRH:6
end_of_record
TN:
SF:src\modules\cars\useCases\importCategory\index.ts
FN:1,(empty-report)
FNF:1
FNH:0
FNDA:0,(empty-report)
DA:1,0
DA:2,0
DA:3,0
DA:4,0
DA:5,0
DA:6,0
DA:7,0
DA:8,0
DA:9,0
DA:10,0
DA:11,0
DA:12,0
DA:13,0
LF:13
LH:0
BRDA:1,0,0,0
BRF:1
BRH:0
end_of_record
TN:
SF:src\modules\cars\useCases\listCars\ListCarsController.ts
FN:1,Object.<anonymous>
FN:2,Object.<anonymous>.__awaiter
FNF:2
FNH:1
FNDA:2,Object.<anonymous>
FNDA:0,Object.<anonymous>.__awaiter
DA:1,2
DA:2,2
DA:3,0
DA:4,0
DA:5,0
DA:6,0
DA:7,0
DA:8,0
DA:9,0
DA:10,0
DA:11,0
DA:12,0
DA:13,0
DA:14,0
DA:15,0
DA:16,0
DA:17,0
DA:18,0
DA:19,0
DA:20,0
DA:21,0
DA:22,0
LF:22
LH:2
BRDA:1,0,0,2
BRDA:1,1,0,2
BRF:2
BRH:2
end_of_record
TN:
SF:src\modules\cars\useCases\listCars\ListCarsUseCase.ts
FN:1,Object.<anonymous>
FN:3,Object.<anonymous>.__decorate
FN:24,Object.<anonymous>.__metadata
FNF:3
FNH:3
FNDA:3,Object.<anonymous>
FNDA:3,Object.<anonymous>.__decorate
FNDA:3,Object.<anonymous>.__metadata
DA:1,3
DA:2,3
DA:3,3
DA:4,3
DA:5,0
DA:6,0
DA:7,3
DA:8,3
DA:9,3
DA:10,3
DA:11,3
DA:12,3
DA:13,3
DA:14,3
DA:15,3
DA:16,0
DA:17,0
DA:18,0
DA:19,3
DA:20,3
DA:21,3
DA:22,3
DA:23,3
DA:24,3
DA:25,3
DA:26,3
LF:26
LH:21
BRDA:1,0,0,3
BRDA:1,1,0,3
BRDA:3,2,0,3
BRDA:4,3,0,0
BRDA:15,4,0,0
BRDA:20,5,0,0
BRDA:20,6,0,0
BRDA:24,7,0,3
BRF:8
BRH:4
end_of_record
TN:
SF:src\modules\cars\useCases\listCategories\ListCategoriesController.ts
FN:6,ListCategoriesController
FN:9,Object.<anonymous>.ListCategoriesController.handle
FNF:2
FNH:2
FNDA:2,ListCategoriesController
FNDA:1,Object.<anonymous>.ListCategoriesController.handle
DA:1,1
DA:2,1
DA:3,1
DA:4,1
DA:5,1
DA:6,2
DA:7,2
DA:8,2
DA:9,2
DA:10,1
DA:11,1
DA:12,1
DA:13,1
DA:14,1
DA:15,1
DA:16,2
DA:17,1
DA:18,1
LF:18
LH:18
BRDA:6,0,0,2
BRDA:6,1,0,2
BRDA:9,2,0,1
BRF:3
BRH:3
end_of_record
TN:
SF:src\modules\cars\useCases\listCategories\ListCategoriesUseCase.ts
FN:8,ListCategoriesUseCase
FN:13,Object.<anonymous>.ListCategoriesUseCase.execute
FNF:2
FNH:2
FNDA:1,ListCategoriesUseCase
FNDA:1,Object.<anonymous>.ListCategoriesUseCase.execute
DA:1,1
DA:2,1
DA:3,1
DA:4,1
DA:5,1
DA:6,1
DA:7,2
DA:8,2
DA:9,1
DA:10,1
DA:11,1
DA:12,2
DA:13,2
DA:14,1
DA:15,1
DA:16,1
DA:17,1
DA:18,2
DA:19,1
DA:20,1
LF:20
LH:20
BRDA:7,0,0,2
BRDA:8,1,0,1
BRDA:13,2,0,1
BRDA:14,3,0,1
BRF:4
BRH:4
end_of_record
TN:
SF:src\modules\cars\useCases\listCategories\index.ts
FN:1,(empty-report)
FNF:1
FNH:0
FNDA:0,(empty-report)
DA:1,0
DA:2,0
DA:3,0
DA:4,0
DA:5,0
DA:6,0
DA:7,0
DA:8,0
DA:9,0
DA:10,0
DA:11,0
DA:12,0
DA:13,0
LF:13
LH:0
BRDA:1,0,0,0
BRF:1
BRH:0
end_of_record
TN:
SF:src\modules\cars\useCases\uploadCarImage\UploadCarImageController.ts
FN:1,Object.<anonymous>
FN:2,Object.<anonymous>.__awaiter
FN:28,Object.<anonymous>.__generator
FNF:3
FNH:1
FNDA:2,Object.<anonymous>
FNDA:0,Object.<anonymous>.__awaiter
FNDA:0,Object.<anonymous>.__generator
DA:1,2
DA:2,2
DA:3,0
DA:4,0
DA:5,0
DA:6,0
DA:7,0
DA:8,0
DA:9,0
DA:10,0
DA:11,0
DA:12,0
DA:13,0
DA:14,0
DA:15,0
DA:16,0
DA:17,0
DA:18,0
DA:19,0
DA:20,0
DA:21,0
DA:22,0
DA:23,0
DA:24,2
DA:25,2
DA:26,2
DA:27,2
DA:28,2
LF:28
LH:7
BRDA:1,0,0,2
BRDA:1,1,0,2
BRF:2
BRH:2
end_of_record
TN:
SF:src\modules\cars\useCases\uploadCarImage\UploadCarImageUseCase.ts
FN:1,Object.<anonymous>
FN:3,Object.<anonymous>.__decorate
FN:24,Object.<anonymous>.__metadata
FNF:3
FNH:3
FNDA:2,Object.<anonymous>
FNDA:2,Object.<anonymous>.__decorate
FNDA:2,Object.<anonymous>.__metadata
DA:1,2
DA:2,2
DA:3,2
DA:4,2
DA:5,2
DA:6,0
DA:7,0
DA:8,0
DA:9,0
DA:10,2
DA:11,2
DA:12,2
DA:13,2
DA:14,2
DA:15,0
DA:16,0
DA:17,0
DA:18,0
DA:19,2
DA:20,2
DA:21,2
DA:22,2
DA:23,2
DA:24,2
LF:24
LH:16
BRDA:1,0,0,2
BRDA:1,1,0,2
BRDA:3,2,0,2
BRDA:5,3,0,0
BRDA:14,4,0,0
BRDA:19,5,0,0
BRDA:19,6,0,0
BRDA:24,7,0,2
BRF:8
BRH:4
end_of_record
TN:
SF:src\modules\rentals\useCases\CreateRentalController.ts
FN:1,Object.<anonymous>
FN:2,Object.<anonymous>.__awaiter
FNF:2
FNH:1
FNDA:2,Object.<anonymous>
FNDA:0,Object.<anonymous>.__awaiter
DA:1,2
DA:2,2
DA:3,0
DA:4,0
DA:5,0
DA:6,0
DA:7,0
DA:8,0
DA:9,0
DA:10,0
DA:11,0
DA:12,0
DA:13,0
DA:14,0
DA:15,0
DA:16,0
DA:17,0
DA:18,0
DA:19,0
DA:20,0
DA:21,0
DA:22,0
DA:23,2
LF:23
LH:3
BRDA:1,0,0,2
BRDA:1,1,0,2
BRF:2
BRH:2
end_of_record
TN:
SF:src\modules\rentals\useCases\CreateRentalUseCase.ts
FN:1,Object.<anonymous>
FN:3,Object.<anonymous>.__decorate
FN:20,Object.<anonymous>.__metadata
FN:26,Object.<anonymous>.__param
FN:33,Object.<anonymous>.__awaiter
FN:35,adopt
FN:41,fulfilled
FN:45,rejected
FN:48,step
FN:55,Object.<anonymous>.__generator
FN:58,sent
FN:65,g.<computed>
FN:66,verb
FN:70,step
FNF:14
FNH:12
FNDA:3,Object.<anonymous>
FNDA:3,Object.<anonymous>.__decorate
FNDA:3,Object.<anonymous>.__metadata
FNDA:9,Object.<anonymous>.__param
FNDA:6,Object.<anonymous>.__awaiter
FNDA:17,adopt
FNDA:17,fulfilled
FNDA:0,rejected
FNDA:20,step
FNDA:6,Object.<anonymous>.__generator
FNDA:17,sent
FNDA:0,g.<computed>
FNDA:18,verb
FNDA:23,step
DA:1,3
DA:2,3
DA:3,3
DA:4,3
DA:5,3
DA:6,3
DA:7,3
DA:8,3
DA:9,0
DA:10,0
DA:11,0
DA:12,0
DA:13,0
DA:14,0
DA:15,0
DA:16,3
DA:17,3
DA:18,0
DA:19,3
DA:20,3
DA:21,3
DA:22,3
DA:23,3
DA:24,3
DA:25,3
DA:26,3
DA:27,9
DA:28,9
DA:29,9
DA:30,9
DA:31,9
DA:32,3
DA:33,3
DA:34,6
DA:35,17
DA:36,17
DA:37,0
DA:38,6
DA:39,6
DA:40,6
DA:41,6
DA:42,17
DA:43,17
DA:44,6
DA:45,6
DA:46,0
DA:47,6
DA:48,20
DA:49,17
DA:50,17
DA:51,6
DA:52,6
DA:53,3
DA:54,3
DA:55,3
DA:56,6
DA:57,6
DA:58,6
DA:59,17
DA:60,6
DA:61,6
DA:62,6
DA:63,6
DA:64,6
DA:65,6
DA:66,6
DA:67,18
DA:68,23
DA:69,23
DA:70,6
DA:71,0
DA:72,0
DA:73,0
DA:74,0
DA:75,0
DA:76,23
LF:76
LH:61
BRDA:1,0,0,3
BRDA:1,1,0,3
BRDA:3,2,0,3
BRDA:4,3,0,0
BRDA:8,4,0,0
BRDA:17,5,0,0
BRDA:17,6,0,0
BRDA:20,7,0,3
BRDA:26,8,0,9
BRDA:27,9,0,9
BRDA:33,10,0,6
BRDA:35,11,0,17
BRDA:36,12,0,0
BRDA:40,13,0,6
BRDA:41,14,0,17
BRDA:44,15,0,3
BRDA:48,16,0,20
BRDA:48,17,0,3
BRDA:48,18,0,17
BRDA:55,19,0,6
BRDA:58,20,0,17
BRDA:59,21,0,0
BRDA:66,22,0,18
BRDA:67,23,0,23
BRDA:70,24,0,23
BRDA:70,25,0,0
BRDA:76,26,0,46
BRF:27
BRH:20
end_of_record
TN:
SF:src\modules\rentals\useCases\ListRentalsByUserController.ts
FN:1,Object.<anonymous>
FN:2,Object.<anonymous>.__awaiter
FNF:2
FNH:1
FNDA:2,Object.<anonymous>
FNDA:0,Object.<anonymous>.__awaiter
DA:1,2
DA:2,2
DA:3,0
DA:4,0
DA:5,0
DA:6,0
DA:7,0
DA:8,0
DA:9,0
DA:10,0
DA:11,0
DA:12,0
DA:13,0
DA:14,0
DA:15,0
DA:16,0
DA:17,0
DA:18,0
DA:19,0
LF:19
LH:2
BRDA:1,0,0,2
BRDA:1,1,0,2
BRF:2
BRH:2
end_of_record
TN:
SF:src\modules\rentals\useCases\ListRentalsByUserUseCase.ts
FN:1,Object.<anonymous>
FN:3,Object.<anonymous>.__decorate
FNF:2
FNH:2
FNDA:2,Object.<anonymous>
FNDA:2,Object.<anonymous>.__decorate
DA:1,2
DA:2,2
DA:3,2
DA:4,2
DA:5,0
DA:6,0
DA:7,2
DA:8,2
DA:9,2
DA:10,2
DA:11,2
DA:12,2
DA:13,2
DA:14,0
DA:15,0
DA:16,2
DA:17,2
DA:18,0
DA:19,0
DA:20,0
LF:20
LH:13
BRDA:1,0,0,2
BRDA:1,1,0,2
BRDA:3,2,0,2
BRDA:4,3,0,0
BRDA:13,4,0,0
BRDA:17,5,0,0
BRDA:19,6,0,0
BRF:7
BRH:3
end_of_record
